<?xml version="1.0" encoding="UTF-8"?>
<testsuite name="runners.GoogleRunner" tests="0" skipped="0" failures="0" errors="0" timestamp="1970-01-01T00:00:00" hostname="LAPTOP-PISRMKJI" time="0.0">
  <properties/>
  <system-out><![CDATA[
1 Scenarios (?[32m1 passed?[0m)
3 Steps (?[32m3 passed?[0m)
0m19,739s

]]></system-out>
  <system-err><![CDATA[[Test worker] WARN cucumber.runtime.SerenityBackend - It looks like you are running a feature using @RunWith(Cucumber.class) instead of @RunWith(CucumberWithSerenity.class). Are you sure this is what you meant to do?
]]></system-err>
</testsuite>
