<?xml version="1.0" encoding="UTF-8"?>
<testsuite name="xdxdxxd" tests="1" skipped="0" failures="0" errors="0" timestamp="2021-08-03T19:09:40" hostname="LAPTOP-PISRMKJI" time="8.589">
  <properties/>
  <testcase name="Buscar palabra en el buscador de Bikesonline exitoso en el sitio con urlhttp://demo.guru99.com/V4/index.phpmngr339622EmygevU" classname="xdxdxxd" time="8.589"/>
  <system-out><![CDATA[]]></system-out>
  <system-err><![CDATA[Starting ChromeDriver 91.0.4472.101 (af52a90bf87030dd1523486a1cd3ae25c5d76c9b-refs/branch-heads/4472@{#1462}) on port 44129
Only local connections are allowed.
Please see https://chromedriver.chromium.org/security-considerations for suggestions on keeping ChromeDriver safe.
ChromeDriver was started successfully.
[1628017783.734][WARNING]: This version of ChromeDriver has not been tested with Chrome version 92.
ago 03, 2021 2:09:43 PM org.openqa.selenium.remote.ProtocolHandshake createSession
INFORMACIÓN: Detected dialect: W3C
[Test worker] INFO net.thucydides.core.steps.ConsoleLoggingListener - 
        __    _____ _____ ____ _____   ____   _    ____  ____  _____ ____  
  _     \ \  |_   _| ____/ ___|_   _| |  _ \ / \  / ___|/ ___|| ____|  _ \ 
 (_)_____| |   | | |  _| \___ \ | |   | |_) / _ \ \___ \\___ \|  _| | | | |
  _|_____| |   | | | |___ ___) || |   |  __/ ___ \ ___) |___) | |___| |_| |
 (_)     | |   |_| |_____|____/ |_|   |_| /_/   \_\____/|____/|_____|____/ 
        /_/                                                                

TEST PASSED: Buscar palabra en el buscador de Bikesonline exitoso en el sitio con urlhttp
----------------------------------------------------------------------------
]]></system-err>
</testsuite>
