<?xml version="1.0" encoding="UTF-8"?><testsuite errors="0" failures="1" name="prueba de cambio de gesto en gmail android" skipped="0" tests="1" time="35.08" timestamp="2021-12-22 07:16:11"><testcase name="Exitoso"><failure message="Expected enabled element was not enabled" type="net.thucydides.core.webdriver.exceptions.ElementShouldBeEnabledException">Expected enabled element was not enabled</failure><system-err>Expected enabled element was not enabled&#13;
com.google.gm.tasks.ConfiGestoDerecha.performAs(ConfiGestoDerecha.java:22)&#13;
com.google.gm.stepDefinitions.GmStepDefinitions.quieroMarcarComoLeidoUnMensaje(GmStepDefinitions.java:24)&#13;
cucumber.runner.Runner.runPickle(Runner.java:80)&#13;
</system-err></testcase></testsuite>